2014-04-26 13:05:08,568 [http-bio-8080-exec-7] TRACE powertrack.LoadCsvController  - Executing action index with params [action:index, controller:loadCsv] from US
2014-04-26 13:05:08,572 [http-bio-8080-exec-7] TRACE powertrack.LoadCsvController  - in index
2014-04-26 13:05:08,591 [http-bio-8080-exec-7] TRACE powertrack.LoadCsvController  - Executed action index which resulted in model: [:]
2014-04-26 13:05:08,607 [http-bio-8080-exec-9] TRACE powertrack.LoadCsvController  - Executing action loadCsv with params [action:loadCsv, controller:loadCsv] from US
2014-04-26 13:05:08,617 [http-bio-8080-exec-9] TRACE powertrack.LoadCsvController  - Executed action loadCsv which resulted in model: [action:loadCsv, controller:loadCsv]
2014-04-26 13:10:05,002 [http-bio-8080-exec-1] TRACE powertrack.LoadCsvController  - Executing action index with params [action:index, controller:loadCsv] from US
2014-04-26 13:10:05,003 [http-bio-8080-exec-1] TRACE powertrack.LoadCsvController  - in index
2014-04-26 13:10:05,003 [http-bio-8080-exec-1] TRACE powertrack.LoadCsvController  - Executed action index which resulted in model: [:]
2014-04-26 13:10:05,013 [http-bio-8080-exec-1] TRACE powertrack.LoadCsvController  - Executing action loadCsv with params [action:loadCsv, controller:loadCsv] from US
2014-04-26 13:10:05,016 [http-bio-8080-exec-1] TRACE powertrack.LoadCsvController  - Executed action loadCsv which resulted in model: [action:loadCsv, controller:loadCsv]
2014-04-26 13:10:10,740 [http-bio-8080-exec-1] TRACE powertrack.LoadCsvController  - Executing action loadUsage with params [action:loadUsage, controller:loadCsv] from US
2014-04-26 13:10:47,717 [http-bio-8080-exec-4] TRACE powertrack.LoadCsvController  - Executing action index with params [action:index, controller:loadCsv] from US
2014-04-26 13:10:47,718 [http-bio-8080-exec-4] TRACE powertrack.LoadCsvController  - in index
2014-04-26 13:10:47,719 [http-bio-8080-exec-4] TRACE powertrack.LoadCsvController  - Executed action index which resulted in model: [:]
2014-04-26 13:10:47,732 [http-bio-8080-exec-4] TRACE powertrack.LoadCsvController  - Executing action loadCsv with params [action:loadCsv, controller:loadCsv] from US
2014-04-26 13:10:47,733 [http-bio-8080-exec-4] TRACE powertrack.LoadCsvController  - Executed action loadCsv which resulted in model: [action:loadCsv, controller:loadCsv]
2014-04-26 13:10:49,128 [http-bio-8080-exec-4] TRACE powertrack.LoadCsvController  - Executing action loadUsage with params [action:loadUsage, controller:loadCsv] from US
2014-04-26 13:11:34,424 [http-bio-8080-exec-3] TRACE powertrack.LoadCsvController  - Executing action loadUsage with params [action:loadUsage, controller:loadCsv] from US
2014-04-26 13:11:36,410 [http-bio-8080-exec-3] TRACE powertrack.LoadCsvController  - Executed action loadUsage which resulted in model: [:]
2014-04-26 13:11:36,426 [http-bio-8080-exec-3] TRACE powertrack.LoadCsvController  - Executing action loadCsv with params [action:loadCsv, controller:loadCsv] from US
2014-04-26 13:11:36,427 [http-bio-8080-exec-3] TRACE powertrack.LoadCsvController  - Executed action loadCsv which resulted in model: [action:loadCsv, controller:loadCsv]
2014-04-26 13:50:50,166 [http-bio-8080-exec-7] TRACE powertrack.LoadCsvController  - Executing action index with params [action:index, controller:loadCsv] from US
2014-04-26 13:50:50,170 [http-bio-8080-exec-7] TRACE powertrack.LoadCsvController  - in index
2014-04-26 13:50:50,188 [http-bio-8080-exec-7] TRACE powertrack.LoadCsvController  - Executed action index which resulted in model: [:]
2014-04-26 13:50:50,217 [http-bio-8080-exec-9] TRACE powertrack.LoadCsvController  - Executing action loadCsv with params [action:loadCsv, controller:loadCsv] from US
2014-04-26 13:50:50,232 [http-bio-8080-exec-9] TRACE powertrack.LoadCsvController  - Executed action loadCsv which resulted in model: [action:loadCsv, controller:loadCsv]
2014-04-26 13:50:53,649 [http-bio-8080-exec-10] TRACE powertrack.LoadCsvController  - Executing action loadUsage with params [action:loadUsage, controller:loadCsv] from US
2014-04-26 13:50:53,996 [http-bio-8080-exec-10] TRACE powertrack.LoadCsvController  - Executed action loadUsage which resulted in model: [:]
2014-04-26 13:50:54,012 [http-bio-8080-exec-10] TRACE powertrack.LoadCsvController  - Executing action loadCsv with params [action:loadCsv, controller:loadCsv] from US
2014-04-26 13:50:54,015 [http-bio-8080-exec-10] TRACE powertrack.LoadCsvController  - Executed action loadCsv which resulted in model: [action:loadCsv, controller:loadCsv]
2014-04-26 13:54:32,753 [http-bio-8080-exec-3] TRACE powertrack.LoadCsvController  - Executing action loadUsage with params [action:loadUsage, controller:loadCsv] from US
2014-04-26 13:55:25,264 [http-bio-8080-exec-5] TRACE powertrack.LoadCsvController  - Executing action loadUsage with params [action:loadUsage, controller:loadCsv] from US
2014-04-26 13:55:25,321 [http-bio-8080-exec-5] TRACE powertrack.LoadCsvController  - Executed action loadUsage which resulted in model: [:]
2014-04-26 13:55:25,331 [http-bio-8080-exec-5] TRACE powertrack.LoadCsvController  - Executing action loadCsv with params [action:loadCsv, controller:loadCsv] from US
2014-04-26 13:55:25,332 [http-bio-8080-exec-5] TRACE powertrack.LoadCsvController  - Executed action loadCsv which resulted in model: [action:loadCsv, controller:loadCsv]
2014-04-26 13:55:32,029 [http-bio-8080-exec-5] TRACE powertrack.LoadCsvController  - Executing action loadUsage with params [action:loadUsage, controller:loadCsv] from US
2014-04-26 13:55:32,035 [http-bio-8080-exec-5] TRACE powertrack.LoadCsvController  - Executed action loadUsage which resulted in model: [:]
2014-04-26 13:55:32,044 [http-bio-8080-exec-5] TRACE powertrack.LoadCsvController  - Executing action loadCsv with params [action:loadCsv, controller:loadCsv] from US
2014-04-26 13:55:32,045 [http-bio-8080-exec-5] TRACE powertrack.LoadCsvController  - Executed action loadCsv which resulted in model: [action:loadCsv, controller:loadCsv]
2014-04-26 13:55:51,047 [http-bio-8080-exec-5] TRACE powertrack.LoadCsvController  - Executing action loadUsage with params [action:loadUsage, controller:loadCsv] from US
2014-04-26 13:55:51,099 [http-bio-8080-exec-5] TRACE powertrack.LoadCsvController  - Executed action loadUsage which resulted in model: [:]
2014-04-26 13:55:51,113 [http-bio-8080-exec-5] TRACE powertrack.LoadCsvController  - Executing action loadCsv with params [action:loadCsv, controller:loadCsv] from US
2014-04-26 13:55:51,114 [http-bio-8080-exec-5] TRACE powertrack.LoadCsvController  - Executed action loadCsv which resulted in model: [action:loadCsv, controller:loadCsv]
2014-04-26 13:55:54,382 [http-bio-8080-exec-5] TRACE powertrack.LoadCsvController  - Executing action loadUsage with params [action:loadUsage, controller:loadCsv] from US
2014-04-26 13:55:54,387 [http-bio-8080-exec-5] TRACE powertrack.LoadCsvController  - Executed action loadUsage which resulted in model: [:]
2014-04-26 13:55:54,395 [http-bio-8080-exec-5] TRACE powertrack.LoadCsvController  - Executing action loadCsv with params [action:loadCsv, controller:loadCsv] from US
2014-04-26 13:55:54,396 [http-bio-8080-exec-5] TRACE powertrack.LoadCsvController  - Executed action loadCsv which resulted in model: [action:loadCsv, controller:loadCsv]
2014-04-26 13:56:10,238 [http-bio-8080-exec-5] TRACE powertrack.LoadCsvController  - Executing action loadUsage with params [action:loadUsage, controller:loadCsv] from US
2014-04-26 13:56:10,294 [http-bio-8080-exec-5] TRACE powertrack.LoadCsvController  - Executed action loadUsage which resulted in model: [:]
2014-04-26 13:56:10,307 [http-bio-8080-exec-5] TRACE powertrack.LoadCsvController  - Executing action loadCsv with params [action:loadCsv, controller:loadCsv] from US
2014-04-26 13:56:10,308 [http-bio-8080-exec-5] TRACE powertrack.LoadCsvController  - Executed action loadCsv which resulted in model: [action:loadCsv, controller:loadCsv]
2014-04-26 13:58:43,801 [http-bio-8080-exec-9] TRACE powertrack.LoadCsvController  - Executing action loadUsage with params [action:loadUsage, controller:loadCsv] from US
2014-04-26 13:58:43,857 [http-bio-8080-exec-9] TRACE powertrack.LoadCsvController  - Executed action loadUsage which resulted in model: [:]
2014-04-26 13:58:43,868 [http-bio-8080-exec-9] TRACE powertrack.LoadCsvController  - Executing action loadCsv with params [action:loadCsv, controller:loadCsv] from US
2014-04-26 13:58:43,869 [http-bio-8080-exec-9] TRACE powertrack.LoadCsvController  - Executed action loadCsv which resulted in model: [action:loadCsv, controller:loadCsv]
2014-04-26 13:59:28,264 [http-bio-8080-exec-9] TRACE powertrack.LoadCsvController  - Executing action loadUsage with params [action:loadUsage, controller:loadCsv] from US
2014-04-26 13:59:28,305 [http-bio-8080-exec-9] TRACE powertrack.LoadCsvController  - Executed action loadUsage which resulted in model: [:]
2014-04-26 13:59:28,313 [http-bio-8080-exec-9] TRACE powertrack.LoadCsvController  - Executing action loadCsv with params [action:loadCsv, controller:loadCsv] from US
2014-04-26 13:59:28,314 [http-bio-8080-exec-9] TRACE powertrack.LoadCsvController  - Executed action loadCsv which resulted in model: [action:loadCsv, controller:loadCsv]
2014-04-26 13:59:55,104 [http-bio-8080-exec-8] TRACE powertrack.LoadCsvController  - Executing action loadUsage with params [action:loadUsage, controller:loadCsv] from US
2014-04-26 13:59:55,149 [http-bio-8080-exec-8] TRACE powertrack.LoadCsvController  - Executed action loadUsage which resulted in model: [:]
2014-04-26 13:59:55,159 [http-bio-8080-exec-8] TRACE powertrack.LoadCsvController  - Executing action loadCsv with params [action:loadCsv, controller:loadCsv] from US
2014-04-26 13:59:55,160 [http-bio-8080-exec-8] TRACE powertrack.LoadCsvController  - Executed action loadCsv which resulted in model: [action:loadCsv, controller:loadCsv]
2014-04-26 14:02:41,350 [http-bio-8080-exec-1] TRACE powertrack.LoadCsvController  - Executing action loadUsage with params [action:loadUsage, controller:loadCsv] from US
2014-04-26 14:02:41,390 [http-bio-8080-exec-1] TRACE powertrack.LoadCsvController  - Executed action loadUsage which resulted in model: [:]
2014-04-26 14:02:41,399 [http-bio-8080-exec-1] TRACE powertrack.LoadCsvController  - Executing action loadCsv with params [action:loadCsv, controller:loadCsv] from US
2014-04-26 14:02:41,399 [http-bio-8080-exec-1] TRACE powertrack.LoadCsvController  - Executed action loadCsv which resulted in model: [action:loadCsv, controller:loadCsv]
2014-04-26 14:02:44,384 [http-bio-8080-exec-1] TRACE powertrack.LoadCsvController  - Executing action loadUsage with params [action:loadUsage, controller:loadCsv] from US
2014-04-26 14:02:44,389 [http-bio-8080-exec-1] TRACE powertrack.LoadCsvController  - Executed action loadUsage which resulted in model: [:]
2014-04-26 14:02:44,397 [http-bio-8080-exec-1] TRACE powertrack.LoadCsvController  - Executing action loadCsv with params [action:loadCsv, controller:loadCsv] from US
2014-04-26 14:02:44,398 [http-bio-8080-exec-1] TRACE powertrack.LoadCsvController  - Executed action loadCsv which resulted in model: [action:loadCsv, controller:loadCsv]
2014-04-26 14:03:37,587 [http-bio-8080-exec-1] TRACE powertrack.LoadCsvController  - Executing action loadUsage with params [action:loadUsage, controller:loadCsv] from US
2014-04-26 14:03:37,591 [http-bio-8080-exec-1] TRACE powertrack.LoadCsvController  - Executed action loadUsage which resulted in model: [:]
2014-04-26 14:03:37,597 [http-bio-8080-exec-1] TRACE powertrack.LoadCsvController  - Executing action loadCsv with params [action:loadCsv, controller:loadCsv] from US
2014-04-26 14:03:37,598 [http-bio-8080-exec-1] TRACE powertrack.LoadCsvController  - Executed action loadCsv which resulted in model: [action:loadCsv, controller:loadCsv]
2014-04-26 14:04:32,304 [http-bio-8080-exec-1] TRACE powertrack.LoadCsvController  - Executing action loadUsage with params [action:loadUsage, controller:loadCsv] from US
2014-04-26 14:04:32,398 [http-bio-8080-exec-1] TRACE powertrack.LoadCsvController  - Executed action loadUsage which resulted in model: [:]
2014-04-26 14:04:32,409 [http-bio-8080-exec-1] TRACE powertrack.LoadCsvController  - Executing action loadCsv with params [action:loadCsv, controller:loadCsv] from US
2014-04-26 14:04:32,409 [http-bio-8080-exec-1] TRACE powertrack.LoadCsvController  - Executed action loadCsv which resulted in model: [action:loadCsv, controller:loadCsv]
2014-04-26 14:05:00,281 [http-bio-8080-exec-1] TRACE powertrack.LoadCsvController  - Executing action loadUsage with params [action:loadUsage, controller:loadCsv] from US
2014-04-26 14:05:00,347 [http-bio-8080-exec-1] TRACE powertrack.LoadCsvController  - Executed action loadUsage which resulted in model: [:]
2014-04-26 14:05:00,358 [http-bio-8080-exec-1] TRACE powertrack.LoadCsvController  - Executing action loadCsv with params [action:loadCsv, controller:loadCsv] from US
2014-04-26 14:05:00,358 [http-bio-8080-exec-1] TRACE powertrack.LoadCsvController  - Executed action loadCsv which resulted in model: [action:loadCsv, controller:loadCsv]
2014-04-26 14:05:06,415 [http-bio-8080-exec-1] TRACE powertrack.LoadCsvController  - Executing action loadUsage with params [action:loadUsage, controller:loadCsv] from US
2014-04-26 14:05:06,422 [http-bio-8080-exec-1] TRACE powertrack.LoadCsvController  - Executed action loadUsage which resulted in model: [:]
2014-04-26 14:05:06,430 [http-bio-8080-exec-1] TRACE powertrack.LoadCsvController  - Executing action loadCsv with params [action:loadCsv, controller:loadCsv] from US
2014-04-26 14:05:06,432 [http-bio-8080-exec-1] TRACE powertrack.LoadCsvController  - Executed action loadCsv which resulted in model: [action:loadCsv, controller:loadCsv]
2014-04-26 14:05:10,848 [http-bio-8080-exec-1] TRACE powertrack.LoadCsvController  - Executing action loadUsage with params [action:loadUsage, controller:loadCsv] from US
2014-04-26 14:05:10,854 [http-bio-8080-exec-1] TRACE powertrack.LoadCsvController  - Executed action loadUsage which resulted in model: [:]
2014-04-26 14:05:10,861 [http-bio-8080-exec-1] TRACE powertrack.LoadCsvController  - Executing action loadCsv with params [action:loadCsv, controller:loadCsv] from US
2014-04-26 14:05:10,861 [http-bio-8080-exec-1] TRACE powertrack.LoadCsvController  - Executed action loadCsv which resulted in model: [action:loadCsv, controller:loadCsv]
2014-04-26 14:06:20,082 [http-bio-8080-exec-8] TRACE powertrack.LoadCsvController  - Executing action loadUsage with params [action:loadUsage, controller:loadCsv] from US
2014-04-26 14:06:20,118 [http-bio-8080-exec-8] TRACE powertrack.LoadCsvController  - Executed action loadUsage which resulted in model: [:]
2014-04-26 14:06:20,127 [http-bio-8080-exec-8] TRACE powertrack.LoadCsvController  - Executing action loadCsv with params [action:loadCsv, controller:loadCsv] from US
2014-04-26 14:06:20,127 [http-bio-8080-exec-8] TRACE powertrack.LoadCsvController  - Executed action loadCsv which resulted in model: [action:loadCsv, controller:loadCsv]
2014-04-26 14:06:46,206 [http-bio-8080-exec-8] TRACE powertrack.LoadCsvController  - Executing action loadUsage with params [action:loadUsage, controller:loadCsv] from US
2014-04-26 14:06:46,211 [http-bio-8080-exec-8] TRACE powertrack.LoadCsvController  - Executed action loadUsage which resulted in model: [:]
2014-04-26 14:06:46,219 [http-bio-8080-exec-8] TRACE powertrack.LoadCsvController  - Executing action loadCsv with params [action:loadCsv, controller:loadCsv] from US
2014-04-26 14:06:46,220 [http-bio-8080-exec-8] TRACE powertrack.LoadCsvController  - Executed action loadCsv which resulted in model: [action:loadCsv, controller:loadCsv]
2014-04-26 14:06:59,266 [http-bio-8080-exec-8] TRACE powertrack.LoadCsvController  - Executing action loadUsage with params [action:loadUsage, controller:loadCsv] from US
2014-04-26 14:06:59,307 [http-bio-8080-exec-8] TRACE powertrack.LoadCsvController  - Executed action loadUsage which resulted in model: [:]
2014-04-26 14:06:59,314 [http-bio-8080-exec-8] TRACE powertrack.LoadCsvController  - Executing action loadCsv with params [action:loadCsv, controller:loadCsv] from US
2014-04-26 14:06:59,315 [http-bio-8080-exec-8] TRACE powertrack.LoadCsvController  - Executed action loadCsv which resulted in model: [action:loadCsv, controller:loadCsv]
2014-04-26 14:07:34,556 [http-bio-8080-exec-8] TRACE powertrack.LoadCsvController  - Executing action loadUsage with params [action:loadUsage, controller:loadCsv] from US
2014-04-26 14:07:34,620 [http-bio-8080-exec-8] TRACE powertrack.LoadCsvController  - Executed action loadUsage which resulted in model: [:]
2014-04-26 14:07:34,632 [http-bio-8080-exec-8] TRACE powertrack.LoadCsvController  - Executing action loadCsv with params [action:loadCsv, controller:loadCsv] from US
2014-04-26 14:07:34,633 [http-bio-8080-exec-8] TRACE powertrack.LoadCsvController  - Executed action loadCsv which resulted in model: [action:loadCsv, controller:loadCsv]
2014-04-26 14:07:59,584 [http-bio-8080-exec-8] TRACE powertrack.LoadCsvController  - Executing action loadUsage with params [action:loadUsage, controller:loadCsv] from US
2014-04-26 14:07:59,588 [http-bio-8080-exec-8] TRACE powertrack.LoadCsvController  - Executed action loadUsage which resulted in model: [:]
2014-04-26 14:07:59,595 [http-bio-8080-exec-8] TRACE powertrack.LoadCsvController  - Executing action loadCsv with params [action:loadCsv, controller:loadCsv] from US
2014-04-26 14:07:59,596 [http-bio-8080-exec-8] TRACE powertrack.LoadCsvController  - Executed action loadCsv which resulted in model: [action:loadCsv, controller:loadCsv]
2014-04-26 14:08:03,001 [http-bio-8080-exec-8] TRACE powertrack.LoadCsvController  - Executing action loadUsage with params [action:loadUsage, controller:loadCsv] from US
2014-04-26 14:08:03,039 [http-bio-8080-exec-8] TRACE powertrack.LoadCsvController  - Executed action loadUsage which resulted in model: [:]
2014-04-26 14:08:03,046 [http-bio-8080-exec-8] TRACE powertrack.LoadCsvController  - Executing action loadCsv with params [action:loadCsv, controller:loadCsv] from US
2014-04-26 14:08:03,046 [http-bio-8080-exec-8] TRACE powertrack.LoadCsvController  - Executed action loadCsv which resulted in model: [action:loadCsv, controller:loadCsv]
2014-04-26 14:10:49,377 [http-bio-8080-exec-4] TRACE powertrack.LoadCsvController  - Executing action loadUsage with params [action:loadUsage, controller:loadCsv] from US
2014-04-26 14:12:42,252 [http-bio-8080-exec-9] TRACE powertrack.LoadCsvController  - Executing action loadUsage with params [action:loadUsage, controller:loadCsv] from US
2014-04-26 14:13:16,512 [http-bio-8080-exec-3] TRACE powertrack.LoadCsvController  - Executing action loadUsage with params [action:loadUsage, controller:loadCsv] from US
2014-04-26 14:13:16,641 [http-bio-8080-exec-3] TRACE powertrack.LoadCsvController  - Executed action loadUsage which resulted in model: [:]
2014-04-26 14:13:16,651 [http-bio-8080-exec-3] TRACE powertrack.LoadCsvController  - Executing action loadCsv with params [action:loadCsv, controller:loadCsv] from US
2014-04-26 14:13:16,678 [http-bio-8080-exec-3] TRACE powertrack.LoadCsvController  - Executed action loadCsv which resulted in model: [action:loadCsv, controller:loadCsv]
2014-04-26 14:14:57,363 [http-bio-8080-exec-8] TRACE powertrack.LoadCsvController  - Executing action index with params [action:index, controller:loadCsv] from US
2014-04-26 14:14:57,364 [http-bio-8080-exec-8] TRACE powertrack.LoadCsvController  - in index
2014-04-26 14:14:57,364 [http-bio-8080-exec-8] TRACE powertrack.LoadCsvController  - Executed action index which resulted in model: [:]
2014-04-26 14:14:57,371 [http-bio-8080-exec-8] TRACE powertrack.LoadCsvController  - Executing action loadCsv with params [action:loadCsv, controller:loadCsv] from US
2014-04-26 14:14:57,371 [http-bio-8080-exec-8] TRACE powertrack.LoadCsvController  - Executed action loadCsv which resulted in model: [action:loadCsv, controller:loadCsv]
2014-04-26 14:14:59,161 [http-bio-8080-exec-8] TRACE powertrack.LoadCsvController  - Executing action loadUsage with params [action:loadUsage, controller:loadCsv] from US
2014-04-26 14:14:59,231 [http-bio-8080-exec-8] TRACE powertrack.LoadCsvController  - Executed action loadUsage which resulted in model: [:]
2014-04-26 14:14:59,239 [http-bio-8080-exec-8] TRACE powertrack.LoadCsvController  - Executing action loadCsv with params [action:loadCsv, controller:loadCsv] from US
2014-04-26 14:14:59,240 [http-bio-8080-exec-8] TRACE powertrack.LoadCsvController  - Executed action loadCsv which resulted in model: [action:loadCsv, controller:loadCsv]
2014-04-26 14:15:00,805 [http-bio-8080-exec-8] TRACE powertrack.LoadCsvController  - Executing action loadUsage with params [action:loadUsage, controller:loadCsv] from US
2014-04-26 14:15:00,844 [http-bio-8080-exec-8] TRACE powertrack.LoadCsvController  - Executed action loadUsage which resulted in model: [:]
2014-04-26 14:15:00,851 [http-bio-8080-exec-8] TRACE powertrack.LoadCsvController  - Executing action loadCsv with params [action:loadCsv, controller:loadCsv] from US
2014-04-26 14:15:00,851 [http-bio-8080-exec-8] TRACE powertrack.LoadCsvController  - Executed action loadCsv which resulted in model: [action:loadCsv, controller:loadCsv]
2014-04-26 14:15:01,848 [http-bio-8080-exec-8] TRACE powertrack.LoadCsvController  - Executing action loadUsage with params [action:loadUsage, controller:loadCsv] from US
2014-04-26 14:15:01,877 [http-bio-8080-exec-8] TRACE powertrack.LoadCsvController  - Executed action loadUsage which resulted in model: [:]
2014-04-26 14:15:01,885 [http-bio-8080-exec-8] TRACE powertrack.LoadCsvController  - Executing action loadCsv with params [action:loadCsv, controller:loadCsv] from US
2014-04-26 14:15:01,885 [http-bio-8080-exec-8] TRACE powertrack.LoadCsvController  - Executed action loadCsv which resulted in model: [action:loadCsv, controller:loadCsv]
2014-04-26 14:15:02,566 [http-bio-8080-exec-8] TRACE powertrack.LoadCsvController  - Executing action loadUsage with params [action:loadUsage, controller:loadCsv] from US
2014-04-26 14:15:02,596 [http-bio-8080-exec-8] TRACE powertrack.LoadCsvController  - Executed action loadUsage which resulted in model: [:]
2014-04-26 14:15:02,605 [http-bio-8080-exec-8] TRACE powertrack.LoadCsvController  - Executing action loadCsv with params [action:loadCsv, controller:loadCsv] from US
2014-04-26 14:15:02,605 [http-bio-8080-exec-8] TRACE powertrack.LoadCsvController  - Executed action loadCsv which resulted in model: [action:loadCsv, controller:loadCsv]
2014-04-26 14:15:04,128 [http-bio-8080-exec-8] TRACE powertrack.LoadCsvController  - Executing action loadUsage with params [action:loadUsage, controller:loadCsv] from US
2014-04-26 14:15:04,163 [http-bio-8080-exec-8] TRACE powertrack.LoadCsvController  - Executed action loadUsage which resulted in model: [:]
2014-04-26 14:15:04,172 [http-bio-8080-exec-8] TRACE powertrack.LoadCsvController  - Executing action loadCsv with params [action:loadCsv, controller:loadCsv] from US
2014-04-26 14:15:04,173 [http-bio-8080-exec-8] TRACE powertrack.LoadCsvController  - Executed action loadCsv which resulted in model: [action:loadCsv, controller:loadCsv]
2014-04-26 14:17:04,949 [http-bio-8080-exec-7] TRACE powertrack.LoadCsvController  - Executing action loadUsage with params [action:loadUsage, controller:loadCsv] from US
2014-04-26 14:17:43,022 [http-bio-8080-exec-3] TRACE powertrack.LoadCsvController  - Executing action loadUsage with params [action:loadUsage, controller:loadCsv] from US
2014-04-26 14:20:35,923 [http-bio-8080-exec-6] TRACE powertrack.LoadCsvController  - Executing action loadUsage with params [action:loadUsage, controller:loadCsv] from US
2014-04-26 14:20:36,016 [http-bio-8080-exec-6] TRACE powertrack.LoadCsvController  - Executed action loadUsage which resulted in model: [:]
2014-04-26 14:20:36,030 [http-bio-8080-exec-6] TRACE powertrack.LoadCsvController  - Executing action loadCsv with params [action:loadCsv, controller:loadCsv] from US
2014-04-26 14:20:36,030 [http-bio-8080-exec-6] TRACE powertrack.LoadCsvController  - Executed action loadCsv which resulted in model: [action:loadCsv, controller:loadCsv]
2014-04-26 14:21:07,426 [http-bio-8080-exec-6] TRACE powertrack.LoadCsvController  - Executing action loadUsage with params [action:loadUsage, controller:loadCsv] from US
2014-04-26 14:21:07,523 [http-bio-8080-exec-6] TRACE powertrack.LoadCsvController  - Executed action loadUsage which resulted in model: [:]
2014-04-26 14:21:07,535 [http-bio-8080-exec-6] TRACE powertrack.LoadCsvController  - Executing action loadCsv with params [action:loadCsv, controller:loadCsv] from US
2014-04-26 14:21:07,536 [http-bio-8080-exec-6] TRACE powertrack.LoadCsvController  - Executed action loadCsv which resulted in model: [action:loadCsv, controller:loadCsv]
2014-04-26 14:22:47,392 [http-bio-8080-exec-2] TRACE powertrack.LoadCsvController  - Executing action loadUsage with params [action:loadUsage, controller:loadCsv] from US
2014-04-26 14:22:47,472 [http-bio-8080-exec-2] TRACE powertrack.LoadCsvController  - Executed action loadUsage which resulted in model: [:]
2014-04-26 14:22:47,479 [http-bio-8080-exec-2] TRACE powertrack.LoadCsvController  - Executing action loadCsv with params [action:loadCsv, controller:loadCsv] from US
2014-04-26 14:22:47,479 [http-bio-8080-exec-2] TRACE powertrack.LoadCsvController  - Executed action loadCsv which resulted in model: [action:loadCsv, controller:loadCsv]
2014-04-26 14:29:39,057 [http-bio-8080-exec-9] TRACE powertrack.LoadCsvController  - Executing action index with params [action:index, controller:loadCsv] from US
2014-04-26 14:29:39,057 [http-bio-8080-exec-9] TRACE powertrack.LoadCsvController  - in index
2014-04-26 14:29:39,057 [http-bio-8080-exec-9] TRACE powertrack.LoadCsvController  - Executed action index which resulted in model: [:]
2014-04-26 14:29:39,065 [http-bio-8080-exec-9] TRACE powertrack.LoadCsvController  - Executing action loadCsv with params [action:loadCsv, controller:loadCsv] from US
2014-04-26 14:29:39,065 [http-bio-8080-exec-9] TRACE powertrack.LoadCsvController  - Executed action loadCsv which resulted in model: [action:loadCsv, controller:loadCsv]
2014-04-26 14:29:40,294 [http-bio-8080-exec-9] TRACE powertrack.LoadCsvController  - Executing action loadUsage with params [action:loadUsage, controller:loadCsv] from US
2014-04-26 14:32:33,947 [http-bio-8080-exec-6] TRACE powertrack.LoadCsvController  - Executing action loadUsage with params [action:loadUsage, controller:loadCsv] from US
2014-04-26 14:33:57,289 [http-bio-8080-exec-5] TRACE powertrack.LoadCsvController  - Executing action loadUsage with params [action:loadUsage, controller:loadCsv] from US
2014-04-26 14:40:27,253 [http-bio-8080-exec-4] TRACE powertrack.LoadCsvController  - Executing action loadUsage with params [action:loadUsage, controller:loadCsv] from US
2014-04-26 14:40:48,910 [http-bio-8080-exec-10] TRACE powertrack.LoadCsvController  - Executing action loadUsage with params [action:loadUsage, controller:loadCsv] from US
2014-04-26 14:45:08,050 [http-bio-8080-exec-9] TRACE powertrack.LoadCsvController  - Executing action loadUsage with params [action:loadUsage, controller:loadCsv] from US
2014-04-26 14:45:31,253 [http-bio-8080-exec-6] TRACE powertrack.LoadCsvController  - Executing action loadUsage with params [action:loadUsage, controller:loadCsv] from US
2014-04-26 14:52:23,793 [http-bio-8080-exec-5] TRACE powertrack.LoadCsvController  - Executing action loadUsage with params [action:loadUsage, controller:loadCsv] from US
2014-04-26 14:52:23,901 [http-bio-8080-exec-5] TRACE powertrack.LoadCsvController  - Executed action loadUsage which resulted in model: [:]
2014-04-26 14:52:23,910 [http-bio-8080-exec-5] TRACE powertrack.LoadCsvController  - Executing action loadCsv with params [action:loadCsv, controller:loadCsv] from US
2014-04-26 14:52:23,910 [http-bio-8080-exec-5] TRACE powertrack.LoadCsvController  - Executed action loadCsv which resulted in model: [action:loadCsv, controller:loadCsv]
2014-04-26 14:54:15,292 [http-bio-8080-exec-2] TRACE powertrack.LoadCsvController  - Executing action loadUsage with params [action:loadUsage, controller:loadCsv] from US
2014-04-26 14:54:15,380 [http-bio-8080-exec-2] TRACE powertrack.LoadCsvController  - Executed action loadUsage which resulted in model: [:]
2014-04-26 14:54:15,386 [http-bio-8080-exec-2] TRACE powertrack.LoadCsvController  - Executing action loadCsv with params [action:loadCsv, controller:loadCsv] from US
2014-04-26 14:54:15,387 [http-bio-8080-exec-2] TRACE powertrack.LoadCsvController  - Executed action loadCsv which resulted in model: [action:loadCsv, controller:loadCsv]
2014-04-26 14:55:14,932 [http-bio-8080-exec-2] TRACE powertrack.LoadCsvController  - Executing action loadUsage with params [action:loadUsage, controller:loadCsv] from US
2014-04-26 14:55:15,009 [http-bio-8080-exec-2] TRACE powertrack.LoadCsvController  - Executed action loadUsage which resulted in model: [:]
2014-04-26 14:55:15,015 [http-bio-8080-exec-2] TRACE powertrack.LoadCsvController  - Executing action loadCsv with params [action:loadCsv, controller:loadCsv] from US
2014-04-26 14:55:15,015 [http-bio-8080-exec-2] TRACE powertrack.LoadCsvController  - Executed action loadCsv which resulted in model: [action:loadCsv, controller:loadCsv]
2014-04-26 14:56:11,729 [http-bio-8080-exec-2] TRACE powertrack.LoadCsvController  - Executing action loadUsage with params [action:loadUsage, controller:loadCsv] from US
2014-04-26 14:56:11,809 [http-bio-8080-exec-2] TRACE powertrack.LoadCsvController  - Executed action loadUsage which resulted in model: [:]
2014-04-26 14:56:11,815 [http-bio-8080-exec-2] TRACE powertrack.LoadCsvController  - Executing action loadCsv with params [action:loadCsv, controller:loadCsv] from US
2014-04-26 14:56:11,816 [http-bio-8080-exec-2] TRACE powertrack.LoadCsvController  - Executed action loadCsv which resulted in model: [action:loadCsv, controller:loadCsv]
2014-04-26 15:02:19,103 [http-bio-8080-exec-10] TRACE powertrack.LoadCsvController  - Executing action index with params [action:index, controller:loadCsv] from US
2014-04-26 15:02:19,104 [http-bio-8080-exec-10] TRACE powertrack.LoadCsvController  - in index
2014-04-26 15:02:19,104 [http-bio-8080-exec-10] TRACE powertrack.LoadCsvController  - Executed action index which resulted in model: [:]
2014-04-26 15:02:19,117 [http-bio-8080-exec-10] TRACE powertrack.LoadCsvController  - Executing action loadCsv with params [action:loadCsv, controller:loadCsv] from US
2014-04-26 15:02:19,118 [http-bio-8080-exec-10] TRACE powertrack.LoadCsvController  - Executed action loadCsv which resulted in model: [action:loadCsv, controller:loadCsv]
2014-04-26 15:02:20,863 [http-bio-8080-exec-10] TRACE powertrack.LoadCsvController  - Executing action loadUsage with params [action:loadUsage, controller:loadCsv] from US
2014-04-26 15:02:20,964 [http-bio-8080-exec-10] TRACE powertrack.LoadCsvController  - Executed action loadUsage which resulted in model: [:]
2014-04-26 15:02:20,977 [http-bio-8080-exec-10] TRACE powertrack.LoadCsvController  - Executing action loadCsv with params [action:loadCsv, controller:loadCsv] from US
2014-04-26 15:02:20,978 [http-bio-8080-exec-10] TRACE powertrack.LoadCsvController  - Executed action loadCsv which resulted in model: [action:loadCsv, controller:loadCsv]
2014-04-26 15:04:28,925 [http-bio-8080-exec-2] TRACE powertrack.LoadCsvController  - Executing action loadUsage with params [action:loadUsage, controller:loadCsv] from US
2014-04-26 15:04:45,700 [http-bio-8080-exec-5] TRACE powertrack.LoadCsvController  - Executing action loadUsage with params [action:loadUsage, controller:loadCsv] from US
2014-04-26 15:04:45,801 [http-bio-8080-exec-5] TRACE powertrack.LoadCsvController  - Executed action loadUsage which resulted in model: [:]
2014-04-26 15:04:45,811 [http-bio-8080-exec-5] TRACE powertrack.LoadCsvController  - Executing action loadCsv with params [action:loadCsv, controller:loadCsv] from US
2014-04-26 15:04:45,812 [http-bio-8080-exec-5] TRACE powertrack.LoadCsvController  - Executed action loadCsv which resulted in model: [action:loadCsv, controller:loadCsv]
2014-04-26 15:08:02,096 [http-bio-8080-exec-6] TRACE powertrack.LoadCsvController  - Executing action index with params [action:index, controller:loadCsv] from US
2014-04-26 15:08:02,096 [http-bio-8080-exec-6] TRACE powertrack.LoadCsvController  - in index
2014-04-26 15:08:02,096 [http-bio-8080-exec-6] TRACE powertrack.LoadCsvController  - Executed action index which resulted in model: [:]
2014-04-26 15:08:02,104 [http-bio-8080-exec-6] TRACE powertrack.LoadCsvController  - Executing action loadCsv with params [action:loadCsv, controller:loadCsv] from US
2014-04-26 15:08:02,105 [http-bio-8080-exec-6] TRACE powertrack.LoadCsvController  - Executed action loadCsv which resulted in model: [action:loadCsv, controller:loadCsv]
2014-04-26 15:08:04,983 [http-bio-8080-exec-6] TRACE powertrack.LoadCsvController  - Executing action loadUsage with params [action:loadUsage, controller:loadCsv] from US
2014-04-26 15:08:05,034 [http-bio-8080-exec-6] TRACE powertrack.LoadCsvController  - Executed action loadUsage which resulted in model: [:]
2014-04-26 15:08:05,041 [http-bio-8080-exec-6] TRACE powertrack.LoadCsvController  - Executing action loadCsv with params [action:loadCsv, controller:loadCsv] from US
2014-04-26 15:08:05,042 [http-bio-8080-exec-6] TRACE powertrack.LoadCsvController  - Executed action loadCsv which resulted in model: [action:loadCsv, controller:loadCsv]
2014-04-26 15:08:25,976 [http-bio-8080-exec-6] TRACE powertrack.LoadCsvController  - Executing action loadUsage with params [action:loadUsage, controller:loadCsv] from US
2014-04-26 15:08:26,023 [http-bio-8080-exec-6] TRACE powertrack.LoadCsvController  - Executed action loadUsage which resulted in model: [:]
2014-04-26 15:08:26,031 [http-bio-8080-exec-6] TRACE powertrack.LoadCsvController  - Executing action loadCsv with params [action:loadCsv, controller:loadCsv] from US
2014-04-26 15:08:26,031 [http-bio-8080-exec-6] TRACE powertrack.LoadCsvController  - Executed action loadCsv which resulted in model: [action:loadCsv, controller:loadCsv]
2014-04-26 15:11:21,761 [http-bio-8080-exec-8] TRACE powertrack.LoadCsvController  - Executing action index with params [action:index, controller:loadCsv] from US
2014-04-26 15:11:21,761 [http-bio-8080-exec-8] TRACE powertrack.LoadCsvController  - in index
2014-04-26 15:11:21,761 [http-bio-8080-exec-8] TRACE powertrack.LoadCsvController  - Executed action index which resulted in model: [:]
2014-04-26 15:11:21,770 [http-bio-8080-exec-8] TRACE powertrack.LoadCsvController  - Executing action loadCsv with params [action:loadCsv, controller:loadCsv] from US
2014-04-26 15:11:21,771 [http-bio-8080-exec-8] TRACE powertrack.LoadCsvController  - Executed action loadCsv which resulted in model: [action:loadCsv, controller:loadCsv]
2014-04-26 15:11:24,748 [http-bio-8080-exec-8] TRACE powertrack.LoadCsvController  - Executing action loadUsage with params [action:loadUsage, controller:loadCsv] from US
2014-04-26 15:12:02,838 [http-bio-8080-exec-3] TRACE powertrack.LoadCsvController  - Executing action loadUsage with params [action:loadUsage, controller:loadCsv] from US
2014-04-26 15:12:31,855 [http-bio-8080-exec-9] TRACE powertrack.LoadCsvController  - Executing action loadUsage with params [action:loadUsage, controller:loadCsv] from US
2014-04-26 15:12:31,902 [http-bio-8080-exec-9] TRACE powertrack.LoadCsvController  - Executed action loadUsage which resulted in model: [:]
2014-04-26 15:12:31,911 [http-bio-8080-exec-9] TRACE powertrack.LoadCsvController  - Executing action loadCsv with params [action:loadCsv, controller:loadCsv] from US
2014-04-26 15:12:31,912 [http-bio-8080-exec-9] TRACE powertrack.LoadCsvController  - Executed action loadCsv which resulted in model: [action:loadCsv, controller:loadCsv]
2014-04-26 15:13:04,627 [http-bio-8080-exec-9] TRACE powertrack.LoadCsvController  - Executing action loadUsage with params [action:loadUsage, controller:loadCsv] from US
2014-04-26 15:13:04,641 [http-bio-8080-exec-9] TRACE powertrack.LoadCsvController  - Executed action loadUsage which resulted in model: [:]
2014-04-26 15:13:04,648 [http-bio-8080-exec-9] TRACE powertrack.LoadCsvController  - Executing action loadCsv with params [action:loadCsv, controller:loadCsv] from US
2014-04-26 15:13:04,648 [http-bio-8080-exec-9] TRACE powertrack.LoadCsvController  - Executed action loadCsv which resulted in model: [action:loadCsv, controller:loadCsv]
2014-04-26 15:13:08,190 [http-bio-8080-exec-9] TRACE powertrack.LoadCsvController  - Executing action loadUsage with params [action:loadUsage, controller:loadCsv] from US
2014-04-26 15:13:08,262 [http-bio-8080-exec-9] TRACE powertrack.LoadCsvController  - Executed action loadUsage which resulted in model: [:]
2014-04-26 15:13:08,275 [http-bio-8080-exec-9] TRACE powertrack.LoadCsvController  - Executing action loadCsv with params [action:loadCsv, controller:loadCsv] from US
2014-04-26 15:13:08,275 [http-bio-8080-exec-9] TRACE powertrack.LoadCsvController  - Executed action loadCsv which resulted in model: [action:loadCsv, controller:loadCsv]
2014-04-26 15:16:50,239 [http-bio-8080-exec-3] TRACE powertrack.LoadCsvController  - Executing action index with params [action:index, controller:loadCsv] from US
2014-04-26 15:16:50,243 [http-bio-8080-exec-3] TRACE powertrack.LoadCsvController  - in index
2014-04-26 15:16:50,262 [http-bio-8080-exec-3] TRACE powertrack.LoadCsvController  - Executed action index which resulted in model: [:]
2014-04-26 15:16:50,278 [http-bio-8080-exec-4] TRACE powertrack.LoadCsvController  - Executing action loadCsv with params [action:loadCsv, controller:loadCsv] from US
2014-04-26 15:16:50,286 [http-bio-8080-exec-4] TRACE powertrack.LoadCsvController  - Executed action loadCsv which resulted in model: [action:loadCsv, controller:loadCsv]
2014-04-26 15:16:52,916 [http-bio-8080-exec-5] TRACE powertrack.LoadCsvController  - Executing action loadUsage with params [action:loadUsage, controller:loadCsv] from US
2014-04-26 15:17:32,079 [http-bio-8080-exec-7] TRACE powertrack.LoadCsvController  - Executing action loadUsage with params [action:loadUsage, controller:loadCsv] from US
2014-04-26 15:17:32,354 [http-bio-8080-exec-7] TRACE powertrack.LoadCsvController  - Executed action loadUsage which resulted in model: [:]
2014-04-26 15:17:32,374 [http-bio-8080-exec-8] TRACE powertrack.LoadCsvController  - Executing action loadCsv with params [action:loadCsv, controller:loadCsv] from US
2014-04-26 15:17:32,378 [http-bio-8080-exec-8] TRACE powertrack.LoadCsvController  - Executed action loadCsv which resulted in model: [action:loadCsv, controller:loadCsv]
2014-04-26 15:57:10,820 [http-bio-8080-exec-8] TRACE powertrack.LoadCsvController  - Executing action index with params [action:index, controller:loadCsv] from US
2014-04-26 15:57:10,825 [http-bio-8080-exec-8] TRACE powertrack.LoadCsvController  - in index
2014-04-26 15:57:10,844 [http-bio-8080-exec-8] TRACE powertrack.LoadCsvController  - Executed action index which resulted in model: [:]
2014-04-26 15:57:10,865 [http-bio-8080-exec-9] TRACE powertrack.LoadCsvController  - Executing action loadCsv with params [action:loadCsv, controller:loadCsv] from US
2014-04-26 15:57:10,876 [http-bio-8080-exec-9] TRACE powertrack.LoadCsvController  - Executed action loadCsv which resulted in model: [action:loadCsv, controller:loadCsv]
2014-04-26 15:57:13,535 [http-bio-8080-exec-10] TRACE powertrack.LoadCsvController  - Executing action loadUsage with params [action:loadUsage, controller:loadCsv] from US
2014-04-26 15:57:59,429 [http-bio-8080-exec-6] TRACE powertrack.LoadCsvController  - Executing action loadUsage with params [action:loadUsage, controller:loadCsv] from US
2014-04-26 15:57:59,955 [http-bio-8080-exec-6] TRACE powertrack.LoadCsvController  - Executed action loadUsage which resulted in model: [:]
2014-04-26 15:57:59,969 [http-bio-8080-exec-6] TRACE powertrack.LoadCsvController  - Executing action loadCsv with params [action:loadCsv, controller:loadCsv] from US
2014-04-26 15:57:59,972 [http-bio-8080-exec-6] TRACE powertrack.LoadCsvController  - Executed action loadCsv which resulted in model: [action:loadCsv, controller:loadCsv]
2014-04-26 16:09:16,195 [http-bio-8080-exec-9] TRACE powertrack.LoadCsvController  - Executing action index with params [action:index, controller:loadCsv] from US
2014-04-26 16:09:16,195 [http-bio-8080-exec-9] TRACE powertrack.LoadCsvController  - in index
2014-04-26 16:09:16,196 [http-bio-8080-exec-9] TRACE powertrack.LoadCsvController  - Executed action index which resulted in model: [:]
2014-04-26 16:09:16,216 [http-bio-8080-exec-9] TRACE powertrack.LoadCsvController  - Executing action loadCsv with params [action:loadCsv, controller:loadCsv] from US
2014-04-26 16:09:16,217 [http-bio-8080-exec-9] TRACE powertrack.LoadCsvController  - Executed action loadCsv which resulted in model: [action:loadCsv, controller:loadCsv]
2014-04-26 16:09:18,776 [http-bio-8080-exec-9] TRACE powertrack.LoadCsvController  - Executing action loadUsage with params [action:loadUsage, controller:loadCsv] from US
2014-04-26 16:09:18,912 [http-bio-8080-exec-9] TRACE powertrack.LoadCsvController  - Executed action loadUsage which resulted in model: [:]
2014-04-26 16:09:18,921 [http-bio-8080-exec-9] TRACE powertrack.LoadCsvController  - Executing action loadCsv with params [action:loadCsv, controller:loadCsv] from US
2014-04-26 16:09:18,923 [http-bio-8080-exec-9] TRACE powertrack.LoadCsvController  - Executed action loadCsv which resulted in model: [action:loadCsv, controller:loadCsv]
2014-04-26 16:10:00,643 [http-bio-8080-exec-9] TRACE powertrack.LoadCsvController  - Executing action index with params [action:index, controller:loadCsv] from US
2014-04-26 16:10:00,643 [http-bio-8080-exec-9] TRACE powertrack.LoadCsvController  - in index
2014-04-26 16:10:00,644 [http-bio-8080-exec-9] TRACE powertrack.LoadCsvController  - Executed action index which resulted in model: [:]
2014-04-26 16:10:00,651 [http-bio-8080-exec-9] TRACE powertrack.LoadCsvController  - Executing action loadCsv with params [action:loadCsv, controller:loadCsv] from US
2014-04-26 16:10:00,652 [http-bio-8080-exec-9] TRACE powertrack.LoadCsvController  - Executed action loadCsv which resulted in model: [action:loadCsv, controller:loadCsv]
2014-04-26 16:10:02,111 [http-bio-8080-exec-9] TRACE powertrack.LoadCsvController  - Executing action loadUsage with params [action:loadUsage, controller:loadCsv] from US
2014-04-26 16:11:19,558 [http-bio-8080-exec-3] TRACE powertrack.LoadCsvController  - Executing action loadUsage with params [action:loadUsage, controller:loadCsv] from US
2014-04-26 16:14:13,644 [http-bio-8080-exec-4] TRACE powertrack.LoadCsvController  - Executing action index with params [action:index, controller:loadCsv] from US
2014-04-26 16:14:13,645 [http-bio-8080-exec-4] TRACE powertrack.LoadCsvController  - in index
2014-04-26 16:14:13,646 [http-bio-8080-exec-4] TRACE powertrack.LoadCsvController  - Executed action index which resulted in model: [:]
2014-04-26 16:14:13,655 [http-bio-8080-exec-4] TRACE powertrack.LoadCsvController  - Executing action loadCsv with params [action:loadCsv, controller:loadCsv] from US
2014-04-26 16:14:13,656 [http-bio-8080-exec-4] TRACE powertrack.LoadCsvController  - Executed action loadCsv which resulted in model: [action:loadCsv, controller:loadCsv]
2014-04-26 16:14:15,341 [http-bio-8080-exec-4] TRACE powertrack.LoadCsvController  - Executing action loadUsage with params [action:loadUsage, controller:loadCsv] from US
2014-04-26 16:15:32,198 [http-bio-8080-exec-3] TRACE powertrack.LoadCsvController  - Executing action index with params [action:index, controller:loadCsv] from US
2014-04-26 16:15:32,198 [http-bio-8080-exec-3] TRACE powertrack.LoadCsvController  - in index
2014-04-26 16:15:32,198 [http-bio-8080-exec-3] TRACE powertrack.LoadCsvController  - Executed action index which resulted in model: [:]
2014-04-26 16:15:32,206 [http-bio-8080-exec-3] TRACE powertrack.LoadCsvController  - Executing action loadCsv with params [action:loadCsv, controller:loadCsv] from US
2014-04-26 16:15:32,207 [http-bio-8080-exec-3] TRACE powertrack.LoadCsvController  - Executed action loadCsv which resulted in model: [action:loadCsv, controller:loadCsv]
2014-04-26 16:15:33,783 [http-bio-8080-exec-3] TRACE powertrack.LoadCsvController  - Executing action loadUsage with params [action:loadUsage, controller:loadCsv] from US
2014-04-26 16:15:33,886 [http-bio-8080-exec-3] TRACE powertrack.LoadCsvController  - Executed action loadUsage which resulted in model: [:]
2014-04-26 16:15:33,894 [http-bio-8080-exec-3] TRACE powertrack.LoadCsvController  - Executing action loadCsv with params [action:loadCsv, controller:loadCsv] from US
2014-04-26 16:15:33,895 [http-bio-8080-exec-3] TRACE powertrack.LoadCsvController  - Executed action loadCsv which resulted in model: [action:loadCsv, controller:loadCsv]
2014-04-26 16:23:38,660 [http-bio-8080-exec-6] TRACE powertrack.LoadCsvController  - Executing action index with params [action:index, controller:loadCsv] from US
2014-04-26 16:23:38,660 [http-bio-8080-exec-6] TRACE powertrack.LoadCsvController  - in index
2014-04-26 16:23:38,661 [http-bio-8080-exec-6] TRACE powertrack.LoadCsvController  - Executed action index which resulted in model: [:]
2014-04-26 16:23:38,668 [http-bio-8080-exec-6] TRACE powertrack.LoadCsvController  - Executing action loadCsv with params [action:loadCsv, controller:loadCsv] from US
2014-04-26 16:23:38,669 [http-bio-8080-exec-6] TRACE powertrack.LoadCsvController  - Executed action loadCsv which resulted in model: [action:loadCsv, controller:loadCsv]
2014-04-26 16:23:40,586 [http-bio-8080-exec-6] TRACE powertrack.LoadCsvController  - Executing action loadUsage with params [action:loadUsage, controller:loadCsv] from US
2014-04-26 16:23:40,766 [http-bio-8080-exec-6] TRACE powertrack.LoadCsvController  - Executed action loadUsage which resulted in model: [:]
2014-04-26 16:23:40,783 [http-bio-8080-exec-6] TRACE powertrack.LoadCsvController  - Executing action loadCsv with params [action:loadCsv, controller:loadCsv] from US
2014-04-26 16:23:40,784 [http-bio-8080-exec-6] TRACE powertrack.LoadCsvController  - Executed action loadCsv which resulted in model: [action:loadCsv, controller:loadCsv]
2014-04-26 16:26:38,551 [http-bio-8080-exec-5] TRACE powertrack.LoadCsvController  - Executing action index with params [action:index, controller:loadCsv] from US
2014-04-26 16:26:38,552 [http-bio-8080-exec-5] TRACE powertrack.LoadCsvController  - in index
2014-04-26 16:26:38,552 [http-bio-8080-exec-5] TRACE powertrack.LoadCsvController  - Executed action index which resulted in model: [:]
2014-04-26 16:26:38,558 [http-bio-8080-exec-5] TRACE powertrack.LoadCsvController  - Executing action loadCsv with params [action:loadCsv, controller:loadCsv] from US
2014-04-26 16:26:38,559 [http-bio-8080-exec-5] TRACE powertrack.LoadCsvController  - Executed action loadCsv which resulted in model: [action:loadCsv, controller:loadCsv]
2014-04-26 16:26:39,831 [http-bio-8080-exec-5] TRACE powertrack.LoadCsvController  - Executing action loadUsage with params [action:loadUsage, controller:loadCsv] from US
2014-04-26 16:26:39,938 [http-bio-8080-exec-5] TRACE powertrack.LoadCsvController  - Executed action loadUsage which resulted in model: [:]
2014-04-26 16:26:39,952 [http-bio-8080-exec-5] TRACE powertrack.LoadCsvController  - Executing action loadCsv with params [action:loadCsv, controller:loadCsv] from US
2014-04-26 16:26:39,952 [http-bio-8080-exec-5] TRACE powertrack.LoadCsvController  - Executed action loadCsv which resulted in model: [action:loadCsv, controller:loadCsv]
2014-04-26 16:29:21,343 [http-bio-8080-exec-9] TRACE powertrack.LoadCsvController  - Executing action index with params [action:index, controller:loadCsv] from US
2014-04-26 16:29:21,343 [http-bio-8080-exec-9] TRACE powertrack.LoadCsvController  - in index
2014-04-26 16:29:21,344 [http-bio-8080-exec-9] TRACE powertrack.LoadCsvController  - Executed action index which resulted in model: [:]
2014-04-26 16:29:21,351 [http-bio-8080-exec-9] TRACE powertrack.LoadCsvController  - Executing action loadCsv with params [action:loadCsv, controller:loadCsv] from US
2014-04-26 16:29:21,351 [http-bio-8080-exec-9] TRACE powertrack.LoadCsvController  - Executed action loadCsv which resulted in model: [action:loadCsv, controller:loadCsv]
2014-04-26 16:29:22,530 [http-bio-8080-exec-9] TRACE powertrack.LoadCsvController  - Executing action loadUsage with params [action:loadUsage, controller:loadCsv] from US
2014-04-26 16:29:22,712 [http-bio-8080-exec-9] TRACE powertrack.LoadCsvController  - Executed action loadUsage which resulted in model: [:]
2014-04-26 16:29:22,727 [http-bio-8080-exec-9] TRACE powertrack.LoadCsvController  - Executing action loadCsv with params [action:loadCsv, controller:loadCsv] from US
2014-04-26 16:29:22,727 [http-bio-8080-exec-9] TRACE powertrack.LoadCsvController  - Executed action loadCsv which resulted in model: [action:loadCsv, controller:loadCsv]
2014-04-26 16:52:42,016 [http-bio-8080-exec-10] TRACE powertrack.LoadCsvController  - in index
